<component name="ProjectRunConfigurationManager">
  <configuration default="false" name="JUnitTestSuite" type="JUnit" factoryName="JUnit" nameIsGenerated="true">
    <module name="NewLang" />
    <extension name="coverage">
      <pattern>
        <option name="PATTERN" value="main.java.main.*" />
        <option name="ENABLED" value="true" />
      </pattern>
    </extension>
    <option name="PACKAGE_NAME" value="main.java.main" />
    <option name="MAIN_CLASS_NAME" value="main.java.main.JUnitTestSuite" />
    <option name="METHOD_NAME" value="" />
    <option name="TEST_OBJECT" value="class" />
    <method v="2">
      <option name="Make" enabled="true" />
    </method>
  </configuration>
</component>